<?xml version="1.0" encoding="UTF-8"?>
<!-- Generated by org.testng.reporters.JUnitReportReporter -->
<testsuite hostname="LAPTOP-18R30RO2" name="tests.CategoryListParams" tests="1" failures="0" timestamp="28 Sep 2023 10:29:28 GMT" time="5.505" errors="0">
  <testcase name="addCategoryToList" time="5.505" classname="tests.CategoryListParams"/>
</testsuite> <!-- tests.CategoryListParams -->
