<?xml version="1.0" encoding="UTF-8"?>
<!-- Generated by org.testng.reporters.JUnitReportReporter -->
<testsuite hostname="LAPTOP-18R30RO2" name="testNG.DemoCls" tests="2" failures="0" timestamp="27 Sep 2023 11:16:40 GMT" time="0.007" errors="0">
  <testcase name="testcase2" time="0.003" classname="testNG.DemoCls"/>
  <testcase name="testcase1" time="0.004" classname="testNG.DemoCls"/>
</testsuite> <!-- testNG.DemoCls -->
