<?xml version="1.0" encoding="UTF-8"?>
<!-- Generated by org.testng.reporters.JUnitReportReporter -->
<testsuite hostname="LAPTOP-18R30RO2" name="tests.DemoCls" tests="2" failures="0" timestamp="29 Sep 2023 06:35:14 GMT" time="0.000" errors="0">
  <testcase name="testcase2" time="0.000" classname="tests.DemoCls"/>
  <testcase name="testcase1" time="0.000" classname="tests.DemoCls"/>
</testsuite> <!-- tests.DemoCls -->
